<?xml version="1.0" encoding="UTF-8"?>
<!-- Generated by org.testng.reporters.JUnitReportReporter -->
<testsuite hostname="DESKTOP-GLAFMTS" failures="0" tests="6" name="com.TestNG.DPExecutionTest" time="0.037" errors="0" timestamp="2024-01-17T10:01:39 IST" skipped="0">
  <testcase classname="com.TestNG.DPExecutionTest" name="readDataFromExcelGeneric" time="0.010"/>
  <testcase classname="com.TestNG.DPExecutionTest" name="readDataFromExcelGeneric" time="0.007"/>
  <testcase classname="com.TestNG.DPExecutionTest" name="readDataFromExcelGeneric" time="0.004"/>
  <testcase classname="com.TestNG.DPExecutionTest" name="readDataFromExcelGeneric" time="0.006"/>
  <testcase classname="com.TestNG.DPExecutionTest" name="readDataFromExcelGeneric" time="0.002"/>
  <testcase classname="com.TestNG.DPExecutionTest" name="readDataFromExcelGeneric" time="0.008"/>
</testsuite> <!-- com.TestNG.DPExecutionTest -->
