<?xml version="1.0" encoding="UTF-8"?>
<!-- Generated by org.testng.reporters.JUnitReportReporter -->
<testsuite hostname="DESKTOP-GLAFMTS" failures="0" tests="1" name="com.TestScript_POM.SmokeManageProductPOMTest" time="5.241" errors="0" timestamp="2024-01-19T17:36:04 IST" skipped="0">
  <testcase classname="com.TestScript_POM.SmokeManageProductPOMTest" name="SmokeManageProductTest" time="5.241">
    <system-out>
      <![CDATA[SmokeManageProductTest Execution Started
SmokeManageProductTest Executed Successfully ]]>
    </system-out>
  </testcase> <!-- SmokeManageProductTest -->
  <system-out>
    <![CDATA[-- connect to DB --
TrackUserLoginTest Execution Started
-- launched browser --
-- logged into application --
ManageProductTest Execution Started
-- launched browser --
-- logged into application --
SmokeManageProductTest Execution Started
SmokeManageProductTest Executed Successfully 
-- logged out from application
TrackUserLoginTest--->failed
OrderHistoryTest Execution Started
-- browser closed --
-- launched browser --
-- logged into application --
ManageProductTest Execution Started
ManageProductTest Executed Successfully 
-- logged out from application
OrderHistoryTest Executed Successfully 
-- browser closed --
ManageProductTest--->failed
-- browser closed --
-- closed DB connection --]]>
  </system-out>
</testsuite> <!-- com.TestScript_POM.SmokeManageProductPOMTest -->
