<?xml version="1.0" encoding="UTF-8"?>
<!-- Generated by org.testng.reporters.JUnitReportReporter -->
<testsuite hostname="DESKTOP-GLAFMTS" failures="0" tests="1" name="Assingnment_jan26.AmazoniPhone8Test" time="23.509" errors="0" timestamp="2024-01-27T23:44:02 IST" skipped="0">
  <testcase classname="Assingnment_jan26.AmazoniPhone8Test" name="AmazonTest" time="23.509"/>
</testsuite> <!-- Assingnment_jan26.AmazoniPhone8Test -->
