<?xml version="1.0" encoding="UTF-8"?>
<!-- Generated by org.testng.reporters.JUnitReportReporter -->
<testsuite hostname="DESKTOP-GLAFMTS" failures="0" tests="3" name="com.TestNG.AnnotationTest" time="0.035" errors="0" timestamp="2024-01-17T10:58:37 IST" skipped="0">
  <testcase classname="com.TestNG.AnnotationTest" name="test1Test" time="0.021"/>
  <testcase classname="com.TestNG.AnnotationTest" name="test2Test" time="0.006"/>
  <testcase classname="com.TestNG.AnnotationTest" name="test3Test" time="0.008"/>
</testsuite> <!-- com.TestNG.AnnotationTest -->
