<?xml version="1.0" encoding="UTF-8"?>
<!-- Generated by org.testng.reporters.JUnitReportReporter -->
<testsuite hostname="DESKTOP-GLAFMTS" failures="0" tests="1" name="Assingnment_jan26.LastNameXpath5Test" time="54.497" errors="0" timestamp="2024-01-27T23:05:02 IST" skipped="0">
  <testcase classname="Assingnment_jan26.LastNameXpath5Test" name="lastName" time="54.497"/>
</testsuite> <!-- Assingnment_jan26.LastNameXpath5Test -->
