<?xml version="1.0" encoding="UTF-8"?>
<!-- Generated by org.testng.reporters.JUnitReportReporter -->
<testsuite hostname="DESKTOP-GLAFMTS" failures="0" tests="2" name="Assingnment_jan26.Validate9Test" time="16.925" errors="0" timestamp="2024-01-27T23:47:30 IST" skipped="0">
  <testcase classname="Assingnment_jan26.Validate9Test" name="LoginWithInvalidDataTest" time="10.113"/>
  <testcase classname="Assingnment_jan26.Validate9Test" name="LoginWithValidDataTest" time="6.812"/>
</testsuite> <!-- Assingnment_jan26.Validate9Test -->
