<?xml version="1.0" encoding="UTF-8"?>
<!-- Generated by org.testng.reporters.JUnitReportReporter -->
<testsuite hostname="DESKTOP-GLAFMTS" failures="0" tests="1" name="com.TestNG.DateFormat" time="0.113" errors="0" timestamp="2024-01-19T15:25:33 IST" skipped="0">
  <testcase classname="com.TestNG.DateFormat" name="dateTest" time="0.113"/>
</testsuite> <!-- com.TestNG.DateFormat -->
