<?xml version="1.0" encoding="UTF-8"?>
<!-- Generated by org.testng.reporters.JUnitReportReporter -->
<testsuite hostname="DESKTOP-GLAFMTS" failures="0" tests="3" name="com.TestNG.ParallelsTest" time="2.461" errors="0" timestamp="2024-01-23T15:33:17 IST" skipped="0">
  <testcase classname="com.TestNG.ParallelsTest" name="dataTest" time="0.776"/>
  <testcase classname="com.TestNG.ParallelsTest" name="sampleTest" time="0.798"/>
  <testcase classname="com.TestNG.ParallelsTest" name="displayTest" time="0.887"/>
  <system-out>
    <![CDATA[-- connect to DB --
-- launched browser --
-- logged into application --
-- logged out from application
-- logged into application --
-- logged out from application
-- logged into application --
-- logged out from application
-- browser closed --
-- launched browser --
-- logged into application --
-- logged out from application
-- logged into application --
-- logged out from application
-- browser closed --
-- launched browser --
-- logged into application --
-- logged out from application
-- logged into application --
-- logged out from application
-- browser closed --
-- closed DB connection --]]>
  </system-out>
</testsuite> <!-- com.TestNG.ParallelsTest -->
