<?xml version="1.0" encoding="UTF-8"?>
<!-- Generated by org.testng.reporters.JUnitReportReporter -->
<testsuite hostname="DESKTOP-GLAFMTS" failures="0" tests="1" name="Assingnment_jan26.OpenTab4Test" time="13.036" errors="0" timestamp="2024-01-27T22:51:18 IST" skipped="0">
  <testcase classname="Assingnment_jan26.OpenTab4Test" name="OpenTab" time="13.036"/>
  <system-out>
    <![CDATA[-- launched browser --
-- browser closed --]]>
  </system-out>
</testsuite> <!-- Assingnment_jan26.OpenTab4Test -->
