<?xml version="1.0" encoding="UTF-8"?>
<!-- Generated by org.testng.reporters.JUnitReportReporter -->
<testsuite hostname="DESKTOP-GLAFMTS" failures="0" tests="2" name="com.TestNG.DemoTest" time="1.523" errors="0" timestamp="2024-01-23T15:33:17 IST" skipped="0">
  <testcase classname="com.TestNG.DemoTest" name="demo2Test" time="0.780"/>
  <testcase classname="com.TestNG.DemoTest" name="demo1Test" time="0.743"/>
  <system-out>
    <![CDATA[-- connect to DB --
-- launched browser --
-- logged into application --
-- logged out from application
-- logged into application --
-- logged out from application
-- logged into application --
-- logged out from application
-- browser closed --
-- launched browser --
-- logged into application --
-- logged out from application
-- logged into application --
-- logged out from application
-- browser closed --
-- launched browser --
-- logged into application --
-- logged out from application
-- logged into application --
-- logged out from application
-- browser closed --
-- closed DB connection --]]>
  </system-out>
</testsuite> <!-- com.TestNG.DemoTest -->
